This is XeTeX, Version 3.14159265-2.6-0.999992 (MiKTeX 21.1) (preloaded format=xelatex 2021.2.23)  2 AUG 2022 20:06
entering extended mode
**./Supplementary.tex
(Supplementary.tex
LaTeX2e <2020-10-01> patch level 4
L3 programming layer <2021-01-09> xparse <2020-03-03>
(C:\Users\Konstantina\AppData\Local\Programs\MiKTeX\tex/latex/elsarticle\elsart
icle.cls
Document Class: elsarticle 2020/11/20, 3.3: Elsevier Ltd

(C:\Users\Konstantina\AppData\Local\Programs\MiKTeX\tex/latex/l3kernel\expl3.st
y
Package: expl3 2021-01-09 L3 programming layer (loader) 

(C:\Users\Konstantina\AppData\Local\Programs\MiKTeX\tex/latex/l3backend\l3backe
nd-xetex.def
File: l3backend-xetex.def 2020-01-29 L3 backend support: XeTeX
 ()
\c__kernel_sys_dvipdfmx_version_int=\count173
\l__color_backend_stack_int=\count174
\g__color_backend_stack_int=\count175
\g__graphics_track_int=\count176
\l__pdf_internal_box=\box47
\g__pdf_backend_object_int=\count177
\g__pdf_backend_annotation_int=\count178
\g__pdf_backend_link_int=\count179
))
(C:\Users\Konstantina\AppData\Local\Programs\MiKTeX\tex/latex/l3packages/xparse
\xparse.sty
Package: xparse 2020-10-27 L3 Experimental document command parser

(C:\Users\Konstantina\AppData\Local\Programs\MiKTeX\tex/latex/l3packages/xparse
\xparse-generic.tex))
(C:\Users\Konstantina\AppData\Local\Programs\MiKTeX\tex/latex/etoolbox\etoolbox
.sty
Package: etoolbox 2020/10/05 v2.5k e-TeX tools for LaTeX (JAW)
\etb@tempcnta=\count180
)
\@bls=\dimen138

(C:\Users\Konstantina\AppData\Local\Programs\MiKTeX\tex/latex/base\article.cls
Document Class: article 2020/04/10 v1.4m Standard LaTeX document class
(C:\Users\Konstantina\AppData\Local\Programs\MiKTeX\tex/latex/base\size12.clo
File: size12.clo 2020/04/10 v1.4m Standard LaTeX file (size option)
)
\c@part=\count181
\c@section=\count182
\c@subsection=\count183
\c@subsubsection=\count184
\c@paragraph=\count185
\c@subparagraph=\count186
\c@figure=\count187
\c@table=\count188
\abovecaptionskip=\skip47
\belowcaptionskip=\skip48
\bibindent=\dimen139
)
(C:\Users\Konstantina\AppData\Local\Programs\MiKTeX\tex/latex/graphics\graphicx
.sty
Package: graphicx 2020/09/09 v1.2b Enhanced LaTeX Graphics (DPC,SPQR)

(C:\Users\Konstantina\AppData\Local\Programs\MiKTeX\tex/latex/graphics\keyval.s
ty
Package: keyval 2014/10/28 v1.15 key=value parser (DPC)
\KV@toks@=\toks15
)
(C:\Users\Konstantina\AppData\Local\Programs\MiKTeX\tex/latex/graphics\graphics
.sty
Package: graphics 2020/08/30 v1.4c Standard LaTeX Graphics (DPC,SPQR)

(C:\Users\Konstantina\AppData\Local\Programs\MiKTeX\tex/latex/graphics\trig.sty
Package: trig 2016/01/03 v1.10 sin cos tan (DPC)
)
(C:\Users\Konstantina\AppData\Local\Programs\MiKTeX\tex/latex/graphics-cfg\grap
hics.cfg
File: graphics.cfg 2016/06/04 v1.11 sample graphics configuration
)
Package graphics Info: Driver file: xetex.def on input line 105.

(C:\Users\Konstantina\AppData\Local\Programs\MiKTeX\tex/latex/graphics-def\xete
x.def
File: xetex.def 2020/08/26 v5.0i Graphics/color driver for xetex
))
\Gin@req@height=\dimen140
\Gin@req@width=\dimen141
)
\c@tnote=\count189
\c@fnote=\count190
\c@cnote=\count191
\c@ead=\count192
\c@author=\count193
\@eadauthor=\toks16
\c@affn=\count194
\absbox=\box48
\elsarticlehighlightsbox=\box49
\elsarticlegrabsbox=\box50
\keybox=\box51
\Columnwidth=\dimen142
\space@left=\dimen143
\els@boxa=\box52
\els@boxb=\box53
\leftMargin=\dimen144
\@enLab=\toks17
\@sep=\skip49
\@@sep=\skip50
 (Supplementary.spl)
(C:\Users\Konstantina\AppData\Local\Programs\MiKTeX\tex/latex/natbib\natbib.sty
Package: natbib 2010/09/13 8.31b (PWD, AO)
\bibhang=\skip51
\bibsep=\skip52
LaTeX Info: Redefining \cite on input line 694.
\c@NAT@ctr=\count195
)
\splwrite=\write3
\openout3 = `Supplementary.spl'.

\appnamewidth=\dimen145
)
(C:\Users\Konstantina\AppData\Local\Programs\MiKTeX\tex/latex/amsfonts\amssymb.
sty
Package: amssymb 2013/01/14 v3.01 AMS font symbols

(C:\Users\Konstantina\AppData\Local\Programs\MiKTeX\tex/latex/amsfonts\amsfonts
.sty
Package: amsfonts 2013/01/14 v3.01 Basic AMSFonts support
\@emptytoks=\toks18
\symAMSa=\mathgroup4
\symAMSb=\mathgroup5
LaTeX Font Info:    Redeclaring math symbol \hbar on input line 98.
LaTeX Font Info:    Overwriting math alphabet `\mathfrak' in version `bold'
(Font)                  U/euf/m/n --> U/euf/b/n on input line 106.
))
(C:\Users\Konstantina\AppData\Local\Programs\MiKTeX\tex/latex/xcolor\xcolor.sty
Package: xcolor 2016/05/11 v2.12 LaTeX color extensions (UK)

(C:\Users\Konstantina\AppData\Local\Programs\MiKTeX\tex/latex/graphics-cfg\colo
r.cfg
File: color.cfg 2016/01/02 v1.6 sample color configuration
)
Package xcolor Info: Driver file: xetex.def on input line 225.
Package xcolor Info: Model `cmy' substituted by `cmy0' on input line 1348.
Package xcolor Info: Model `RGB' extended on input line 1364.
Package xcolor Info: Model `HTML' substituted by `rgb' on input line 1366.
Package xcolor Info: Model `Hsb' substituted by `hsb' on input line 1367.
Package xcolor Info: Model `tHsb' substituted by `hsb' on input line 1368.
Package xcolor Info: Model `HSB' substituted by `hsb' on input line 1369.
Package xcolor Info: Model `Gray' substituted by `gray' on input line 1370.
Package xcolor Info: Model `wave' substituted by `hsb' on input line 1371.
)
\c@bla=\count196
 (Supplementary.aux)
\openout1 = `Supplementary.aux'.

LaTeX Font Info:    Checking defaults for OML/cmm/m/it on input line 75.
LaTeX Font Info:    ... okay on input line 75.
LaTeX Font Info:    Checking defaults for OMS/cmsy/m/n on input line 75.
LaTeX Font Info:    ... okay on input line 75.
LaTeX Font Info:    Checking defaults for OT1/cmr/m/n on input line 75.
LaTeX Font Info:    ... okay on input line 75.
LaTeX Font Info:    Checking defaults for T1/cmr/m/n on input line 75.
LaTeX Font Info:    ... okay on input line 75.
LaTeX Font Info:    Checking defaults for TS1/cmr/m/n on input line 75.
LaTeX Font Info:    Trying to load font information for TS1+cmr on input line 7
5.

(C:\Users\Konstantina\AppData\Local\Programs\MiKTeX\tex/latex/base\ts1cmr.fd
File: ts1cmr.fd 2019/12/16 v2.5j Standard LaTeX font definitions
)
LaTeX Font Info:    ... okay on input line 75.
LaTeX Font Info:    Checking defaults for TU/lmr/m/n on input line 75.
LaTeX Font Info:    ... okay on input line 75.
LaTeX Font Info:    Checking defaults for OMX/cmex/m/n on input line 75.
LaTeX Font Info:    ... okay on input line 75.
LaTeX Font Info:    Checking defaults for U/cmr/m/n on input line 75.
LaTeX Font Info:    ... okay on input line 75.
LaTeX Font Info:    Trying to load font information for U+msa on input line 104
.

(C:\Users\Konstantina\AppData\Local\Programs\MiKTeX\tex/latex/amsfonts\umsa.fd
File: umsa.fd 2013/01/14 v3.01 AMS symbols A
)
LaTeX Font Info:    Trying to load font information for U+msb on input line 104
.
(C:\Users\Konstantina\AppData\Local\Programs\MiKTeX\tex/latex/amsfonts\umsb.fd
File: umsb.fd 2013/01/14 v3.01 AMS symbols B
)
Overfull \hbox (3.94675pt too wide) in paragraph at lines 106--107
[]\TU/lmr/m/n/12 The Receiver Operating Characteristics (ROC) curve is a techni
que used[[],
 []


Overfull \hbox (2.608pt too wide) has occurred while \output is active
[] 
 []

[1


]
Overfull \hbox (6.34636pt too wide) in alignment at lines 160--174
 [][][] []
 []

[2] [3] [4]
Overfull \hbox (7.09904pt too wide) in paragraph at lines 212--220
\TU/lmr/m/n/12 ii) F1H1_plot.pdf: It contains the ROC graph for the particular 
point $\OT1/cmr/m/n/12 (\OML/cmm/m/it/12 F[]; H[]\OT1/cmr/m/n/12 )$\TU/lmr/m/n/
12 . 
 []

[5] [6] [7]
Underfull \hbox (badness 3803) in paragraph at lines 337--340
[]\TU/lmr/m/n/12 E. Raffinetti, P. Giudici, A generalised ROC curve (July 9,
 []


Underfull \hbox (badness 2401) in paragraph at lines 337--340
\TU/lmr/m/n/12 2021), Available at SSRN: https://ssrn.com/abstract=3883422 or
 []

File: Figure1.eps Graphic file (type eps)
<Figure1.eps>
File: Figure2.eps Graphic file (type eps)
<Figure2.eps>
File: Figure3.eps Graphic file (type eps)
<Figure3.eps>
File: Figure4.eps Graphic file (type eps)
<Figure4.eps>
File: Figure5.eps Graphic file (type eps)
<Figure5.eps>
[8] [9] [10] [11] [12] [13] (Supplementary.aux)

LaTeX Warning: Label(s) may have changed. Rerun to get cross-references right.

 ) 
Here is how much of TeX's memory you used:
 3054 strings out of 412016
 40784 string characters out of 2843700
 334842 words of memory out of 3000000
 22737 multiletter control sequences out of 15000+200000
 409822 words of font info for 59 fonts, out of 3000000 for 9000
 1348 hyphenation exceptions out of 8191
 83i,10n,88p,743b,256s stack positions out of 5000i,500n,10000p,200000b,50000s

Output written on Supplementary.pdf (13 pages).
